build/app/intermediates/manifest_merge_blame_file/debug/manifest-merger-blame-debug-report.txt
1<?xml version="1.0" encoding="utf-8"?>
2<manifest xmlns:android="http://schemas.android.com/apk/res/android"
3    package="com.example.s_c"
4    android:versionCode="1"
5    android:versionName="1.0.0" >
6
7    <uses-sdk
8        android:minSdkVersion="21"
9        android:targetSdkVersion="34" />
10    <!--
11         The INTERNET permission is required for development. Specifically,
12         the Flutter tool needs it to communicate with the running application
13         to allow setting breakpoints, to provide hot reload, etc.
14    -->
15    <uses-permission android:name="android.permission.INTERNET" />
15-->src/debug/AndroidManifest.xml:7:5-66
15-->src/debug/AndroidManifest.xml:7:22-64
16    <uses-permission android:name="android.permission.ACCESS_NETWORK_STATE" />
16-->[com.google.firebase:firebase-auth:22.3.1] AndroidManifest.xml:26:5-79
16-->[com.google.firebase:firebase-auth:22.3.1] AndroidManifest.xml:26:22-76
17    <uses-permission android:name="com.google.android.providers.gsf.permission.READ_GSERVICES" />
17-->[com.google.android.recaptcha:recaptcha:18.4.0] AndroidManifest.xml:9:5-98
17-->[com.google.android.recaptcha:recaptcha:18.4.0] AndroidManifest.xml:9:22-95
18
19    <permission
19-->[androidx.core:core:1.13.1] AndroidManifest.xml:22:5-24:47
20        android:name="com.example.s_c.DYNAMIC_RECEIVER_NOT_EXPORTED_PERMISSION"
20-->[androidx.core:core:1.13.1] AndroidManifest.xml:23:9-81
21        android:protectionLevel="signature" />
21-->[androidx.core:core:1.13.1] AndroidManifest.xml:24:9-44
22
23    <uses-permission android:name="com.example.s_c.DYNAMIC_RECEIVER_NOT_EXPORTED_PERMISSION" />
23-->[androidx.core:core:1.13.1] AndroidManifest.xml:26:5-97
23-->[androidx.core:core:1.13.1] AndroidManifest.xml:26:22-94
24
25    <application
26        android:name="android.app.Application"
27        android:appComponentFactory="androidx.core.app.CoreComponentFactory"
27-->[androidx.core:core:1.13.1] AndroidManifest.xml:28:18-86
28        android:debuggable="true"
29        android:extractNativeLibs="true"
30        android:icon="@mipmap/ic_launcher"
31        android:label="s_c" >
32        <activity
33            android:name="com.example.s_c.MainActivity"
34            android:configChanges="orientation|keyboardHidden|keyboard|screenSize|smallestScreenSize|locale|layoutDirection|fontScale|screenLayout|density|uiMode"
35            android:exported="true"
36            android:hardwareAccelerated="true"
37            android:launchMode="singleTop"
38            android:theme="@style/LaunchTheme"
39            android:windowSoftInputMode="adjustResize" >
40
41            <!--
42                 Specifies an Android theme to apply to this Activity as soon as
43                 the Android process has started. This theme is visible to the user
44                 while the Flutter UI initializes. After that, this theme continues
45                 to determine the Window background behind the Flutter UI.
46            -->
47            <meta-data
48                android:name="io.flutter.embedding.android.NormalTheme"
49                android:resource="@style/NormalTheme" />
50
51            <intent-filter>
52                <action android:name="android.intent.action.MAIN" />
53
54                <category android:name="android.intent.category.LAUNCHER" />
55            </intent-filter>
56        </activity>
57        <!--
58             Don't delete the meta-data below.
59             This is used by the Flutter tool to generate GeneratedPluginRegistrant.java
60        -->
61        <meta-data
62            android:name="flutterEmbedding"
63            android:value="2" />
64
65        <service
65-->[:firebase_auth] AndroidManifest.xml:8:9-12:19
66            android:name="com.google.firebase.components.ComponentDiscoveryService"
66-->[:firebase_auth] AndroidManifest.xml:8:18-89
67            android:directBootAware="true"
67-->[com.google.firebase:firebase-common:20.4.3] AndroidManifest.xml:32:13-43
68            android:exported="false" >
68-->[com.google.firebase:firebase-auth:22.3.1] AndroidManifest.xml:68:13-37
69            <meta-data
69-->[:firebase_auth] AndroidManifest.xml:9:13-11:85
70                android:name="com.google.firebase.components:io.flutter.plugins.firebase.auth.FlutterFirebaseAuthRegistrar"
70-->[:firebase_auth] AndroidManifest.xml:10:17-124
71                android:value="com.google.firebase.components.ComponentRegistrar" />
71-->[:firebase_auth] AndroidManifest.xml:11:17-82
72            <meta-data
72-->[:firebase_database] AndroidManifest.xml:9:13-11:85
73                android:name="com.google.firebase.components:io.flutter.plugins.firebase.database.FlutterFirebaseAppRegistrar"
73-->[:firebase_database] AndroidManifest.xml:10:17-127
74                android:value="com.google.firebase.components.ComponentRegistrar" />
74-->[:firebase_database] AndroidManifest.xml:11:17-82
75            <meta-data
75-->[:firebase_core] AndroidManifest.xml:9:13-11:85
76                android:name="com.google.firebase.components:io.flutter.plugins.firebase.core.FlutterFirebaseCoreRegistrar"
76-->[:firebase_core] AndroidManifest.xml:10:17-124
77                android:value="com.google.firebase.components.ComponentRegistrar" />
77-->[:firebase_core] AndroidManifest.xml:11:17-82
78            <meta-data
78-->[com.google.firebase:firebase-auth:22.3.1] AndroidManifest.xml:69:13-71:85
79                android:name="com.google.firebase.components:com.google.firebase.auth.FirebaseAuthRegistrar"
79-->[com.google.firebase:firebase-auth:22.3.1] AndroidManifest.xml:70:17-109
80                android:value="com.google.firebase.components.ComponentRegistrar" />
80-->[com.google.firebase:firebase-auth:22.3.1] AndroidManifest.xml:71:17-82
81            <meta-data
81-->[com.google.firebase:firebase-database:20.3.1] AndroidManifest.xml:29:13-31:85
82                android:name="com.google.firebase.components:com.google.firebase.database.FirebaseDatabaseKtxRegistrar"
82-->[com.google.firebase:firebase-database:20.3.1] AndroidManifest.xml:30:17-120
83                android:value="com.google.firebase.components.ComponentRegistrar" />
83-->[com.google.firebase:firebase-database:20.3.1] AndroidManifest.xml:31:17-82
84            <meta-data
84-->[com.google.firebase:firebase-database:20.3.1] AndroidManifest.xml:32:13-34:85
85                android:name="com.google.firebase.components:com.google.firebase.database.DatabaseRegistrar"
85-->[com.google.firebase:firebase-database:20.3.1] AndroidManifest.xml:33:17-109
86                android:value="com.google.firebase.components.ComponentRegistrar" />
86-->[com.google.firebase:firebase-database:20.3.1] AndroidManifest.xml:34:17-82
87            <meta-data
87-->[com.google.firebase:firebase-common-ktx:20.4.3] AndroidManifest.xml:12:13-14:85
88                android:name="com.google.firebase.components:com.google.firebase.ktx.FirebaseCommonLegacyRegistrar"
88-->[com.google.firebase:firebase-common-ktx:20.4.3] AndroidManifest.xml:13:17-116
89                android:value="com.google.firebase.components.ComponentRegistrar" />
89-->[com.google.firebase:firebase-common-ktx:20.4.3] AndroidManifest.xml:14:17-82
90            <meta-data
90-->[com.google.firebase:firebase-common:20.4.3] AndroidManifest.xml:35:13-37:85
91                android:name="com.google.firebase.components:com.google.firebase.FirebaseCommonKtxRegistrar"
91-->[com.google.firebase:firebase-common:20.4.3] AndroidManifest.xml:36:17-109
92                android:value="com.google.firebase.components.ComponentRegistrar" />
92-->[com.google.firebase:firebase-common:20.4.3] AndroidManifest.xml:37:17-82
93        </service>
94
95        <provider
95-->[:image_picker_android] AndroidManifest.xml:9:9-17:20
96            android:name="io.flutter.plugins.imagepicker.ImagePickerFileProvider"
96-->[:image_picker_android] AndroidManifest.xml:10:13-82
97            android:authorities="com.example.s_c.flutter.image_provider"
97-->[:image_picker_android] AndroidManifest.xml:11:13-74
98            android:exported="false"
98-->[:image_picker_android] AndroidManifest.xml:12:13-37
99            android:grantUriPermissions="true" >
99-->[:image_picker_android] AndroidManifest.xml:13:13-47
100            <meta-data
100-->[:image_picker_android] AndroidManifest.xml:14:13-16:75
101                android:name="android.support.FILE_PROVIDER_PATHS"
101-->[:image_picker_android] AndroidManifest.xml:15:17-67
102                android:resource="@xml/flutter_image_picker_file_paths" />
102-->[:image_picker_android] AndroidManifest.xml:16:17-72
103        </provider> <!-- Trigger Google Play services to install the backported photo picker module. -->
104        <service
104-->[:image_picker_android] AndroidManifest.xml:19:9-31:19
105            android:name="com.google.android.gms.metadata.ModuleDependencies"
105-->[:image_picker_android] AndroidManifest.xml:20:13-78
106            android:enabled="false"
106-->[:image_picker_android] AndroidManifest.xml:21:13-36
107            android:exported="false" >
107-->[:image_picker_android] AndroidManifest.xml:22:13-37
108            <intent-filter>
108-->[:image_picker_android] AndroidManifest.xml:24:13-26:29
109                <action android:name="com.google.android.gms.metadata.MODULE_DEPENDENCIES" />
109-->[:image_picker_android] AndroidManifest.xml:25:17-94
109-->[:image_picker_android] AndroidManifest.xml:25:25-91
110            </intent-filter>
111
112            <meta-data
112-->[:image_picker_android] AndroidManifest.xml:28:13-30:36
113                android:name="photopicker_activity:0:required"
113-->[:image_picker_android] AndroidManifest.xml:29:17-63
114                android:value="" />
114-->[:image_picker_android] AndroidManifest.xml:30:17-33
115        </service>
116
117        <activity
117-->[com.google.firebase:firebase-auth:22.3.1] AndroidManifest.xml:29:9-46:20
118            android:name="com.google.firebase.auth.internal.GenericIdpActivity"
118-->[com.google.firebase:firebase-auth:22.3.1] AndroidManifest.xml:30:13-80
119            android:excludeFromRecents="true"
119-->[com.google.firebase:firebase-auth:22.3.1] AndroidManifest.xml:31:13-46
120            android:exported="true"
120-->[com.google.firebase:firebase-auth:22.3.1] AndroidManifest.xml:32:13-36
121            android:launchMode="singleTask"
121-->[com.google.firebase:firebase-auth:22.3.1] AndroidManifest.xml:33:13-44
122            android:theme="@android:style/Theme.Translucent.NoTitleBar" >
122-->[com.google.firebase:firebase-auth:22.3.1] AndroidManifest.xml:34:13-72
123            <intent-filter>
123-->[com.google.firebase:firebase-auth:22.3.1] AndroidManifest.xml:35:13-45:29
124                <action android:name="android.intent.action.VIEW" />
124-->[com.google.firebase:firebase-auth:22.3.1] AndroidManifest.xml:36:17-69
124-->[com.google.firebase:firebase-auth:22.3.1] AndroidManifest.xml:36:25-66
125
126                <category android:name="android.intent.category.DEFAULT" />
126-->[com.google.firebase:firebase-auth:22.3.1] AndroidManifest.xml:38:17-76
126-->[com.google.firebase:firebase-auth:22.3.1] AndroidManifest.xml:38:27-73
127                <category android:name="android.intent.category.BROWSABLE" />
127-->[com.google.firebase:firebase-auth:22.3.1] AndroidManifest.xml:39:17-78
127-->[com.google.firebase:firebase-auth:22.3.1] AndroidManifest.xml:39:27-75
128
129                <data
129-->[com.google.firebase:firebase-auth:22.3.1] AndroidManifest.xml:41:17-44:51
130                    android:host="firebase.auth"
130-->[com.google.firebase:firebase-auth:22.3.1] AndroidManifest.xml:42:21-49
131                    android:path="/"
131-->[com.google.firebase:firebase-auth:22.3.1] AndroidManifest.xml:43:21-37
132                    android:scheme="genericidp" />
132-->[com.google.firebase:firebase-auth:22.3.1] AndroidManifest.xml:44:21-48
133            </intent-filter>
134        </activity>
135        <activity
135-->[com.google.firebase:firebase-auth:22.3.1] AndroidManifest.xml:47:9-64:20
136            android:name="com.google.firebase.auth.internal.RecaptchaActivity"
136-->[com.google.firebase:firebase-auth:22.3.1] AndroidManifest.xml:48:13-79
137            android:excludeFromRecents="true"
137-->[com.google.firebase:firebase-auth:22.3.1] AndroidManifest.xml:49:13-46
138            android:exported="true"
138-->[com.google.firebase:firebase-auth:22.3.1] AndroidManifest.xml:50:13-36
139            android:launchMode="singleTask"
139-->[com.google.firebase:firebase-auth:22.3.1] AndroidManifest.xml:51:13-44
140            android:theme="@android:style/Theme.Translucent.NoTitleBar" >
140-->[com.google.firebase:firebase-auth:22.3.1] AndroidManifest.xml:52:13-72
141            <intent-filter>
141-->[com.google.firebase:firebase-auth:22.3.1] AndroidManifest.xml:53:13-63:29
142                <action android:name="android.intent.action.VIEW" />
142-->[com.google.firebase:firebase-auth:22.3.1] AndroidManifest.xml:36:17-69
142-->[com.google.firebase:firebase-auth:22.3.1] AndroidManifest.xml:36:25-66
143
144                <category android:name="android.intent.category.DEFAULT" />
144-->[com.google.firebase:firebase-auth:22.3.1] AndroidManifest.xml:38:17-76
144-->[com.google.firebase:firebase-auth:22.3.1] AndroidManifest.xml:38:27-73
145                <category android:name="android.intent.category.BROWSABLE" />
145-->[com.google.firebase:firebase-auth:22.3.1] AndroidManifest.xml:39:17-78
145-->[com.google.firebase:firebase-auth:22.3.1] AndroidManifest.xml:39:27-75
146
147                <data
147-->[com.google.firebase:firebase-auth:22.3.1] AndroidManifest.xml:41:17-44:51
148                    android:host="firebase.auth"
148-->[com.google.firebase:firebase-auth:22.3.1] AndroidManifest.xml:42:21-49
149                    android:path="/"
149-->[com.google.firebase:firebase-auth:22.3.1] AndroidManifest.xml:43:21-37
150                    android:scheme="recaptcha" />
150-->[com.google.firebase:firebase-auth:22.3.1] AndroidManifest.xml:44:21-48
151            </intent-filter>
152        </activity>
153
154        <provider
154-->[com.google.firebase:firebase-common:20.4.3] AndroidManifest.xml:23:9-28:39
155            android:name="com.google.firebase.provider.FirebaseInitProvider"
155-->[com.google.firebase:firebase-common:20.4.3] AndroidManifest.xml:24:13-77
156            android:authorities="com.example.s_c.firebaseinitprovider"
156-->[com.google.firebase:firebase-common:20.4.3] AndroidManifest.xml:25:13-72
157            android:directBootAware="true"
157-->[com.google.firebase:firebase-common:20.4.3] AndroidManifest.xml:26:13-43
158            android:exported="false"
158-->[com.google.firebase:firebase-common:20.4.3] AndroidManifest.xml:27:13-37
159            android:initOrder="100" />
159-->[com.google.firebase:firebase-common:20.4.3] AndroidManifest.xml:28:13-36
160
161        <activity
161-->[com.google.android.gms:play-services-base:18.1.0] AndroidManifest.xml:20:9-22:45
162            android:name="com.google.android.gms.common.api.GoogleApiActivity"
162-->[com.google.android.gms:play-services-base:18.1.0] AndroidManifest.xml:20:19-85
163            android:exported="false"
163-->[com.google.android.gms:play-services-base:18.1.0] AndroidManifest.xml:22:19-43
164            android:theme="@android:style/Theme.Translucent.NoTitleBar" />
164-->[com.google.android.gms:play-services-base:18.1.0] AndroidManifest.xml:21:19-78
165
166        <provider
166-->[androidx.lifecycle:lifecycle-process:2.7.0] AndroidManifest.xml:24:9-32:20
167            android:name="androidx.startup.InitializationProvider"
167-->[androidx.lifecycle:lifecycle-process:2.7.0] AndroidManifest.xml:25:13-67
168            android:authorities="com.example.s_c.androidx-startup"
168-->[androidx.lifecycle:lifecycle-process:2.7.0] AndroidManifest.xml:26:13-68
169            android:exported="false" >
169-->[androidx.lifecycle:lifecycle-process:2.7.0] AndroidManifest.xml:27:13-37
170            <meta-data
170-->[androidx.lifecycle:lifecycle-process:2.7.0] AndroidManifest.xml:29:13-31:52
171                android:name="androidx.lifecycle.ProcessLifecycleInitializer"
171-->[androidx.lifecycle:lifecycle-process:2.7.0] AndroidManifest.xml:30:17-78
172                android:value="androidx.startup" />
172-->[androidx.lifecycle:lifecycle-process:2.7.0] AndroidManifest.xml:31:17-49
173            <meta-data
173-->[androidx.profileinstaller:profileinstaller:1.3.1] AndroidManifest.xml:29:13-31:52
174                android:name="androidx.profileinstaller.ProfileInstallerInitializer"
174-->[androidx.profileinstaller:profileinstaller:1.3.1] AndroidManifest.xml:30:17-85
175                android:value="androidx.startup" />
175-->[androidx.profileinstaller:profileinstaller:1.3.1] AndroidManifest.xml:31:17-49
176        </provider>
177
178        <uses-library
178-->[androidx.window:window:1.2.0] AndroidManifest.xml:23:9-25:40
179            android:name="androidx.window.extensions"
179-->[androidx.window:window:1.2.0] AndroidManifest.xml:24:13-54
180            android:required="false" />
180-->[androidx.window:window:1.2.0] AndroidManifest.xml:25:13-37
181        <uses-library
181-->[androidx.window:window:1.2.0] AndroidManifest.xml:26:9-28:40
182            android:name="androidx.window.sidecar"
182-->[androidx.window:window:1.2.0] AndroidManifest.xml:27:13-51
183            android:required="false" />
183-->[androidx.window:window:1.2.0] AndroidManifest.xml:28:13-37
184
185        <meta-data
185-->[com.google.android.gms:play-services-basement:18.3.0] AndroidManifest.xml:21:9-23:69
186            android:name="com.google.android.gms.version"
186-->[com.google.android.gms:play-services-basement:18.3.0] AndroidManifest.xml:22:13-58
187            android:value="@integer/google_play_services_version" />
187-->[com.google.android.gms:play-services-basement:18.3.0] AndroidManifest.xml:23:13-66
188
189        <receiver
189-->[androidx.profileinstaller:profileinstaller:1.3.1] AndroidManifest.xml:34:9-52:20
190            android:name="androidx.profileinstaller.ProfileInstallReceiver"
190-->[androidx.profileinstaller:profileinstaller:1.3.1] AndroidManifest.xml:35:13-76
191            android:directBootAware="false"
191-->[androidx.profileinstaller:profileinstaller:1.3.1] AndroidManifest.xml:36:13-44
192            android:enabled="true"
192-->[androidx.profileinstaller:profileinstaller:1.3.1] AndroidManifest.xml:37:13-35
193            android:exported="true"
193-->[androidx.profileinstaller:profileinstaller:1.3.1] AndroidManifest.xml:38:13-36
194            android:permission="android.permission.DUMP" >
194-->[androidx.profileinstaller:profileinstaller:1.3.1] AndroidManifest.xml:39:13-57
195            <intent-filter>
195-->[androidx.profileinstaller:profileinstaller:1.3.1] AndroidManifest.xml:40:13-42:29
196                <action android:name="androidx.profileinstaller.action.INSTALL_PROFILE" />
196-->[androidx.profileinstaller:profileinstaller:1.3.1] AndroidManifest.xml:41:17-91
196-->[androidx.profileinstaller:profileinstaller:1.3.1] AndroidManifest.xml:41:25-88
197            </intent-filter>
198            <intent-filter>
198-->[androidx.profileinstaller:profileinstaller:1.3.1] AndroidManifest.xml:43:13-45:29
199                <action android:name="androidx.profileinstaller.action.SKIP_FILE" />
199-->[androidx.profileinstaller:profileinstaller:1.3.1] AndroidManifest.xml:44:17-85
199-->[androidx.profileinstaller:profileinstaller:1.3.1] AndroidManifest.xml:44:25-82
200            </intent-filter>
201            <intent-filter>
201-->[androidx.profileinstaller:profileinstaller:1.3.1] AndroidManifest.xml:46:13-48:29
202                <action android:name="androidx.profileinstaller.action.SAVE_PROFILE" />
202-->[androidx.profileinstaller:profileinstaller:1.3.1] AndroidManifest.xml:47:17-88
202-->[androidx.profileinstaller:profileinstaller:1.3.1] AndroidManifest.xml:47:25-85
203            </intent-filter>
204            <intent-filter>
204-->[androidx.profileinstaller:profileinstaller:1.3.1] AndroidManifest.xml:49:13-51:29
205                <action android:name="androidx.profileinstaller.action.BENCHMARK_OPERATION" />
205-->[androidx.profileinstaller:profileinstaller:1.3.1] AndroidManifest.xml:50:17-95
205-->[androidx.profileinstaller:profileinstaller:1.3.1] AndroidManifest.xml:50:25-92
206            </intent-filter>
207        </receiver>
208    </application>
209
210</manifest>